[   21798ms] [ERROR] Failed to load resource: the server responded with a status of 404 () @ https://www.haywardomnilogic.com/Images/Theme/icon_theme_20.png:0
[   88849ms] [ERROR] Failed to load resource: the server responded with a status of 404 () @ https://www.haywardomnilogic.com/Images/Theme/icon_theme_20.png:0
[  185646ms] [ERROR] Failed to load resource: the server responded with a status of 404 () @ https://www.haywardomnilogic.com/Images/Theme/icon_theme_20.png:0
[  226425ms] ReferenceError: GetTimeSetAgo is not defined
    at https://www.haywardomnilogic.com/Module/UserManagement/ThemeList.aspx?mspID=D772343ECC3A4EC5&bowID=02395BF4FB399B5C:114:1
[  226498ms] [ERROR] Failed to load resource: the server responded with a status of 404 () @ https://www.haywardomnilogic.com/Images/Theme/icon_theme_20.png:0
[  233017ms] [ERROR] Failed to load resource: the server responded with a status of 404 () @ https://www.haywardomnilogic.com/Images/Theme/icon_theme_20.png:0
[  287495ms] [ERROR] Failed to load resource: the server responded with a status of 404 () @ https://www.haywardomnilogic.com/Images/Theme/icon_theme_20_s.png:0
[  293359ms] ReferenceError: GetTimeSetAgo is not defined
    at https://www.haywardomnilogic.com/Module/UserManagement/ThemeList.aspx?mspID=D772343ECC3A4EC5&bowID=02395BF4FB399B5C:114:1
[  293469ms] [ERROR] Failed to load resource: the server responded with a status of 404 () @ https://www.haywardomnilogic.com/Images/Theme/icon_theme_20.png:0
[  293482ms] [ERROR] Failed to load resource: the server responded with a status of 404 () @ https://www.haywardomnilogic.com/Images/Theme/icon_theme_20_s.png:0
[  353544ms] [ERROR] Failed to load resource: the server responded with a status of 404 () @ https://www.haywardomnilogic.com/Images/Theme/icon_theme_20_s.png:0
[  354108ms] ReferenceError: GetTimeSetAgo is not defined
    at https://www.haywardomnilogic.com/Module/UserManagement/ThemeList.aspx?mspID=D772343ECC3A4EC5&bowID=02395BF4FB399B5C:114:1
[  354117ms] [ERROR] Failed to load resource: the server responded with a status of 404 () @ https://www.haywardomnilogic.com/Images/Theme/icon_theme_20.png:0
[  354129ms] [ERROR] Failed to load resource: the server responded with a status of 404 () @ https://www.haywardomnilogic.com/Images/Theme/icon_theme_20_s.png:0
[  415046ms] ReferenceError: GetTimeSetAgo is not defined
    at https://www.haywardomnilogic.com/Module/UserManagement/ThemeList.aspx?mspID=D772343ECC3A4EC5&bowID=02395BF4FB399B5C:114:1
[  415435ms] [ERROR] Failed to load resource: the server responded with a status of 404 () @ https://www.haywardomnilogic.com/Images/Theme/icon_theme_20_s.png:0
[  415435ms] [ERROR] Failed to load resource: the server responded with a status of 404 () @ https://www.haywardomnilogic.com/Images/Theme/icon_theme_20.png:0
[  475289ms] [ERROR] Failed to load resource: the server responded with a status of 404 () @ https://www.haywardomnilogic.com/Images/Theme/icon_theme_20_s.png:0
[  475842ms] ReferenceError: GetTimeSetAgo is not defined
    at https://www.haywardomnilogic.com/Module/UserManagement/ThemeList.aspx?mspID=D772343ECC3A4EC5&bowID=02395BF4FB399B5C:114:1
[  475854ms] [ERROR] Failed to load resource: the server responded with a status of 404 () @ https://www.haywardomnilogic.com/Images/Theme/icon_theme_20.png:0
[  475867ms] [ERROR] Failed to load resource: the server responded with a status of 404 () @ https://www.haywardomnilogic.com/Images/Theme/icon_theme_20_s.png:0
[  536032ms] [ERROR] Failed to load resource: the server responded with a status of 404 () @ https://www.haywardomnilogic.com/Images/Theme/icon_theme_20_s.png:0
[  536548ms] ReferenceError: GetTimeSetAgo is not defined
    at https://www.haywardomnilogic.com/Module/UserManagement/ThemeList.aspx?mspID=D772343ECC3A4EC5&bowID=02395BF4FB399B5C:114:1
[  536618ms] [ERROR] Failed to load resource: the server responded with a status of 404 () @ https://www.haywardomnilogic.com/Images/Theme/icon_theme_20_s.png:0
[  536619ms] [ERROR] Failed to load resource: the server responded with a status of 404 () @ https://www.haywardomnilogic.com/Images/Theme/icon_theme_20.png:0
[  596787ms] [ERROR] Failed to load resource: the server responded with a status of 404 () @ https://www.haywardomnilogic.com/Images/Theme/icon_theme_20_s.png:0
[  597286ms] ReferenceError: GetTimeSetAgo is not defined
    at https://www.haywardomnilogic.com/Module/UserManagement/ThemeList.aspx?mspID=D772343ECC3A4EC5&bowID=02395BF4FB399B5C:114:1
[  597352ms] [ERROR] Failed to load resource: the server responded with a status of 404 () @ https://www.haywardomnilogic.com/Images/Theme/icon_theme_20.png:0
[  597354ms] [ERROR] Failed to load resource: the server responded with a status of 404 () @ https://www.haywardomnilogic.com/Images/Theme/icon_theme_20_s.png:0
[  657506ms] [ERROR] Failed to load resource: the server responded with a status of 404 () @ https://www.haywardomnilogic.com/Images/Theme/icon_theme_20_s.png:0
[  658085ms] ReferenceError: GetTimeSetAgo is not defined
    at https://www.haywardomnilogic.com/Module/UserManagement/ThemeList.aspx?mspID=D772343ECC3A4EC5&bowID=02395BF4FB399B5C:114:1
[  658095ms] [ERROR] Failed to load resource: the server responded with a status of 404 () @ https://www.haywardomnilogic.com/Images/Theme/icon_theme_20.png:0
[  658102ms] [ERROR] Failed to load resource: the server responded with a status of 404 () @ https://www.haywardomnilogic.com/Images/Theme/icon_theme_20_s.png:0
[  718285ms] [ERROR] Failed to load resource: the server responded with a status of 404 () @ https://www.haywardomnilogic.com/Images/Theme/icon_theme_20_s.png:0
[  718779ms] ReferenceError: GetTimeSetAgo is not defined
    at https://www.haywardomnilogic.com/Module/UserManagement/ThemeList.aspx?mspID=D772343ECC3A4EC5&bowID=02395BF4FB399B5C:114:1
[  718851ms] [ERROR] Failed to load resource: the server responded with a status of 404 () @ https://www.haywardomnilogic.com/Images/Theme/icon_theme_20_s.png:0
[  718852ms] [ERROR] Failed to load resource: the server responded with a status of 404 () @ https://www.haywardomnilogic.com/Images/Theme/icon_theme_20.png:0
